<?xml version="1.0" encoding="UTF-8"?>
<testsuite xmlns:xsi="http://www.w3.org/2001/XMLSchema-instance" xsi:noNamespaceSchemaLocation="https://maven.apache.org/surefire/maven-surefire-plugin/xsd/surefire-test-report.xsd" name="com.example.Coupons.CouponTest" time="5.697" tests="4" errors="0" skipped="0" failures="0">
  <properties>
[...]
</properties>
  <testcase name="test_addCoupon" classname="com.example.Coupons.CouponTest" time="0.12"/>
  <testcase name="test_getAllCoupons" classname="com.example.Coupons.CouponTest" time="0.008"/>
  <testcase name="test_updateCoupon" classname="com.example.Coupons.CouponTest" time="0.009"/>
  <testcase name="test_deleteCoupon" classname="com.example.Coupons.CouponTest" time="0.034"/>
</testsuite>